400000 400020 0
400004 400024 0
400008 400028 0
40000c 40002c 0
400010 400030 0
400014 400034 0
400018 400038 0
40001c 40003c 0
400020 400040 0
400024 400044 0
400028 400048 0
40002c 40004c 0
400030 400050 0
400034 400054 0
400038 400058 0
40003c 40005c 0
400040 400060 0
400044 400064 0
400048 400068 0
40004c 40006c 0
400050 400070 0
400054 400074 0
400058 400078 0
40005c 40007c 0
400060 400080 0
400064 400084 0
400068 400088 0
40006c 40008c 0
400070 400090 0
400074 400094 0
400078 400098 0
40007c 40009c 0
400080 4000a0 0
400084 4000a4 0
400088 4000a8 0
40008c 4000ac 0
400090 4000b0 0
400094 4000b4 0
400098 4000b8 0
40009c 4000bc 0
4000a0 4000c0 0
4000a4 4000c4 0
4000a8 4000c8 0
4000ac 4000cc 0
4000b0 4000d0 0
4000b4 4000d4 0
4000b8 4000d8 0
4000bc 4000dc 0
4000c0 4000e0 0
4000c4 4000e4 0
4000c8 4000e8 0
4000cc 4000ec 0
4000d0 4000f0 0
4000d4 4000f4 0
4000d8 4000f8 0
4000dc 4000fc 0
4000e0 400100 0
4000e4 400104 0
4000e8 400108 0
4000ec 40010c 0
4000f0 400110 0
4000f4 400114 0
4000f8 400118 0
4000fc 40011c 0
400100 400120 0
400104 400124 0
400108 400128 0
40010c 40012c 0
400110 400130 0
400114 400134 0
400118 400138 0
40011c 40013c 0
400120 400140 0
400124 400144 0
400128 400148 0
40012c 40014c 0
400130 400150 0
400134 400154 0
400138 400158 0
40013c 40015c 0
400140 400160 0
400144 400164 0
400148 400168 0
40014c 40016c 0
400150 400170 0
400154 400174 0
400158 400178 0
40015c 40017c 0
400160 400180 0
400164 400184 0
400168 400188 0
40016c 40018c 0
400170 400190 0
400174 400194 0
400178 400198 0
40017c 40019c 0
400180 4001a0 0
400184 4001a4 0
400188 4001a8 0
40018c 4001ac 0
400190 400170 1
400190 400170 1
400190 400170 1
400190 400170 0
400194 400174 1
400194 400174 1
400194 400174 1
400194 400174 0
400198 400178 1
400198 400178 1
400198 400178 1
400198 400178 0
40019c 40017c 1
40019c 40017c 1
40019c 40017c 1
40019c 40017c 0
4001a0 400180 1
4001a0 400180 1
4001a0 400180 1
4001a0 400180 0
4001a4 400184 1
4001a4 400184 1
4001a4 400184 1
4001a4 400184 0
4001a8 400188 1
4001a8 400188 1
4001a8 400188 1
4001a8 400188 0
4001ac 40018c 1
4001ac 40018c 1
4001ac 40018c 1
4001ac 40018c 0
4001b0 400190 1
4001b0 400190 1
4001b0 400190 1
4001b0 400190 0
4001b4 400194 1
4001b4 400194 1
4001b4 400194 1
4001b4 400194 0
4001b8 400198 1
4001b8 400198 1
4001b8 400198 1
4001b8 400198 0
4001bc 40019c 1
4001bc 40019c 1
4001bc 40019c 1
4001bc 40019c 0
4001c0 4001a0 1
4001c0 4001a0 1
4001c0 4001a0 1
4001c0 4001a0 0
4001c4 4001a4 1
4001c4 4001a4 1
4001c4 4001a4 1
4001c4 4001a4 0
4001c8 4001a8 1
4001c8 4001a8 1
4001c8 4001a8 1
4001c8 4001a8 0
4001cc 4001ac 1
4001cc 4001ac 1
4001cc 4001ac 1
4001cc 4001ac 0
4001d0 4001b0 1
4001d0 4001b0 1
4001d0 4001b0 1
4001d0 4001b0 0
4001d4 4001b4 1
4001d4 4001b4 1
4001d4 4001b4 1
4001d4 4001b4 0
4001d8 4001b8 1
4001d8 4001b8 1
4001d8 4001b8 1
4001d8 4001b8 0
4001dc 4001bc 1
4001dc 4001bc 1
4001dc 4001bc 1
4001dc 4001bc 0
4001e0 4001c0 1
4001e0 4001c0 1
4001e0 4001c0 1
4001e0 4001c0 0
4001e4 4001c4 1
4001e4 4001c4 1
4001e4 4001c4 1
4001e4 4001c4 0
4001e8 4001c8 1
4001e8 4001c8 1
4001e8 4001c8 1
4001e8 4001c8 0
4001ec 4001cc 1
4001ec 4001cc 1
4001ec 4001cc 1
4001ec 4001cc 0
4001f0 4001d0 1
4001f0 4001d0 1
4001f0 4001d0 1
4001f0 4001d0 0
4001f4 4001d4 1
4001f4 4001d4 1
4001f4 4001d4 1
4001f4 4001d4 0
4001f8 4001d8 1
4001f8 4001d8 1
4001f8 4001d8 1
4001f8 4001d8 0
4001fc 4001dc 1
4001fc 4001dc 1
4001fc 4001dc 1
4001fc 4001dc 0
400200 4001e0 1
400200 4001e0 1
400200 4001e0 1
400200 4001e0 0
400204 4001e4 1
400204 4001e4 1
400204 4001e4 1
400204 4001e4 0
400208 4001e8 1
400208 4001e8 1
400208 4001e8 1
400208 4001e8 0
40020c 4001ec 1
40020c 4001ec 1
40020c 4001ec 1
40020c 4001ec 0
400210 4001f0 1
400210 4001f0 1
400210 4001f0 1
400210 4001f0 0
400214 4001f4 1
400214 4001f4 1
400214 4001f4 1
400214 4001f4 0
400218 4001f8 1
400218 4001f8 1
400218 4001f8 1
400218 4001f8 0
40021c 4001fc 1
40021c 4001fc 1
40021c 4001fc 1
40021c 4001fc 0
400220 400200 1
400220 400200 1
400220 400200 1
400220 400200 0
400224 400204 1
400224 400204 1
400224 400204 1
400224 400204 0
400228 400208 1
400228 400208 1
400228 400208 1
400228 400208 0
40022c 40020c 1
40022c 40020c 1
40022c 40020c 1
40022c 40020c 0
400230 400210 1
400230 400210 1
400230 400210 1
400230 400210 0
400234 400214 1
400234 400214 1
400234 400214 1
400234 400214 0
400238 400218 1
400238 400218 1
400238 400218 1
400238 400218 0
40023c 40021c 1
40023c 40021c 1
40023c 40021c 1
40023c 40021c 0
400240 400220 1
400240 400220 1
400240 400220 1
400240 400220 0
400244 400224 1
400244 400224 1
400244 400224 1
400244 400224 0
400248 400228 1
400248 400228 1
400248 400228 1
400248 400228 0
40024c 40022c 1
40024c 40022c 1
40024c 40022c 1
40024c 40022c 0
400250 400230 1
400250 400230 1
400250 400230 1
400250 400230 0
400254 400234 1
400254 400234 1
400254 400234 1
400254 400234 0
400258 400238 1
400258 400238 1
400258 400238 1
400258 400238 0
40025c 40023c 1
40025c 40023c 1
40025c 40023c 1
40025c 40023c 0
400260 400240 1
400260 400240 1
400260 400240 1
400260 400240 0
400264 400244 1
400264 400244 1
400264 400244 1
400264 400244 0
400268 400248 1
400268 400248 1
400268 400248 1
400268 400248 0
40026c 40024c 1
40026c 40024c 1
40026c 40024c 1
40026c 40024c 0
400270 400250 1
400270 400250 1
400270 400250 1
400270 400250 0
400274 400254 1
400274 400254 1
400274 400254 1
400274 400254 0
400278 400258 1
400278 400258 1
400278 400258 1
400278 400258 0
40027c 40025c 1
40027c 40025c 1
40027c 40025c 1
40027c 40025c 0
400280 400260 1
400280 400260 1
400280 400260 1
400280 400260 0
400284 400264 1
400284 400264 1
400284 400264 1
400284 400264 0
400288 400268 1
400288 400268 1
400288 400268 1
400288 400268 0
40028c 40026c 1
40028c 40026c 1
40028c 40026c 1
40028c 40026c 0
400290 400270 1
400290 400270 1
400290 400270 1
400290 400270 0
400294 400274 1
400294 400274 1
400294 400274 1
400294 400274 0
400298 400278 1
400298 400278 1
400298 400278 1
400298 400278 0
40029c 40027c 1
40029c 40027c 1
40029c 40027c 1
40029c 40027c 0
4002a0 400280 1
4002a0 400280 1
4002a0 400280 1
4002a0 400280 0
4002a4 400284 1
4002a4 400284 1
4002a4 400284 1
4002a4 400284 0
4002a8 400288 1
4002a8 400288 1
4002a8 400288 1
4002a8 400288 0
4002ac 40028c 1
4002ac 40028c 1
4002ac 40028c 1
4002ac 40028c 0
4002b0 400290 1
4002b0 400290 1
4002b0 400290 1
4002b0 400290 0
4002b4 400294 1
4002b4 400294 1
4002b4 400294 1
4002b4 400294 0
4002b8 400298 1
4002b8 400298 1
4002b8 400298 1
4002b8 400298 0
4002bc 40029c 1
4002bc 40029c 1
4002bc 40029c 1
4002bc 40029c 0
4002c0 4002a0 1
4002c0 4002a0 1
4002c0 4002a0 1
4002c0 4002a0 0
4002c4 4002a4 1
4002c4 4002a4 1
4002c4 4002a4 1
4002c4 4002a4 0
4002c8 4002a8 1
4002c8 4002a8 1
4002c8 4002a8 1
4002c8 4002a8 0
4002cc 4002ac 1
4002cc 4002ac 1
4002cc 4002ac 1
4002cc 4002ac 0
4002d0 4002b0 1
4002d0 4002b0 1
4002d0 4002b0 1
4002d0 4002b0 0
4002d4 4002b4 1
4002d4 4002b4 1
4002d4 4002b4 1
4002d4 4002b4 0
4002d8 4002b8 1
4002d8 4002b8 1
4002d8 4002b8 1
4002d8 4002b8 0
4002dc 4002bc 1
4002dc 4002bc 1
4002dc 4002bc 1
4002dc 4002bc 0
4002e0 4002c0 1
4002e0 4002c0 1
4002e0 4002c0 1
4002e0 4002c0 0
4002e4 4002c4 1
4002e4 4002c4 1
4002e4 4002c4 1
4002e4 4002c4 0
4002e8 4002c8 1
4002e8 4002c8 1
4002e8 4002c8 1
4002e8 4002c8 0
4002ec 4002cc 1
4002ec 4002cc 1
4002ec 4002cc 1
4002ec 4002cc 0
4002f0 4002d0 1
4002f0 4002d0 1
4002f0 4002d0 1
4002f0 4002d0 0
4002f4 4002d4 1
4002f4 4002d4 1
4002f4 4002d4 1
4002f4 4002d4 0
4002f8 4002d8 1
4002f8 4002d8 1
4002f8 4002d8 1
4002f8 4002d8 0
4002fc 4002dc 1
4002fc 4002dc 1
4002fc 4002dc 1
4002fc 4002dc 0
400300 4002e0 1
400300 4002e0 1
400300 4002e0 1
400300 4002e0 0
400304 4002e4 1
400304 4002e4 1
400304 4002e4 1
400304 4002e4 0
400308 4002e8 1
400308 4002e8 1
400308 4002e8 1
400308 4002e8 0
40030c 4002ec 1
40030c 4002ec 1
40030c 4002ec 1
40030c 4002ec 0
400310 4002f0 1
400310 4002f0 1
400310 4002f0 1
400310 4002f0 0
400314 4002f4 1
400314 4002f4 1
400314 4002f4 1
400314 4002f4 0
400318 4002f8 1
400318 4002f8 1
400318 4002f8 1
400318 4002f8 0
40031c 4002fc 1
40031c 4002fc 1
40031c 4002fc 1
40031c 4002fc 0
400320 400300 0
400324 400344 1
400328 400308 0
40032c 40034c 1
400330 400310 0
400334 400354 1
400338 400318 0
40033c 40035c 1
400340 400320 0
400344 400364 1
400348 400328 0
40034c 40036c 1
400350 400330 0
400354 400374 1
400358 400338 0
40035c 40037c 1
400360 400340 0
400364 400384 1
400368 400348 0
40036c 40038c 1
400370 400350 0
400374 400394 1
400378 400358 0
40037c 40039c 1
400380 400360 0
400384 4003a4 1
400388 400368 0
40038c 4003ac 1
400390 400370 0
400394 4003b4 1
400398 400378 0
40039c 4003bc 1
4003a0 400380 0
4003a4 4003c4 1
4003a8 400388 0
4003ac 4003cc 1
4003b0 400390 0
4003b4 4003d4 1
4003b8 400398 0
4003bc 4003dc 1
4003c0 4003a0 0
4003c4 4003e4 1
4003c8 4003a8 0
4003cc 4003ec 1
4003d0 4003b0 0
4003d4 4003f4 1
4003d8 4003b8 0
4003dc 4003fc 1
4003e0 4003c0 0
4003e4 400404 1
4003e8 4003c8 0
4003ec 40040c 1
4003f0 4003d0 0
4003f4 400414 1
4003f8 4003d8 0
4003fc 40041c 1
400400 4003e0 0
400404 400424 1
400408 4003e8 0
40040c 40042c 1
400410 4003f0 0
400414 400434 1
400418 4003f8 0
40041c 40043c 1
400420 400400 0
400424 400444 1
400428 400408 0
40042c 40044c 1
400430 400410 0
400434 400454 1
400438 400418 0
40043c 40045c 1
400440 400420 0
400444 400464 1
400448 400428 0
40044c 40046c 1
400450 400430 0
400454 400474 1
400458 400438 0
40045c 40047c 1
400460 400440 0
400464 400484 1
400468 400448 0
40046c 40048c 1
400470 400450 0
400474 400494 1
400478 400458 0
40047c 40049c 1
400480 400460 0
400484 4004a4 1
400488 400468 0
40048c 4004ac 1
400490 400470 0
400494 4004b4 1
400498 400478 0
40049c 4004bc 1
4004a0 400480 0
4004a4 4004c4 1
4004a8 400488 0
4004ac 4004cc 1
500000 4fffc0 1
500000 4fffc0 1
500000 4fffc0 1
500000 4fffc0 1
500000 4fffc0 0
500100 5000e0 1
500100 5000e0 1
500100 5000e0 0
500100 5000e0 1
500100 5000e0 1
500100 5000e0 0
500100 5000e0 1
500100 5000e0 1
500100 5000e0 0
500000 4fffc0 1
500000 4fffc0 1
500000 4fffc0 1
500000 4fffc0 1
500000 4fffc0 0
500100 5000e0 1
500100 5000e0 1
500100 5000e0 0
500100 5000e0 1
500100 5000e0 1
500100 5000e0 0
500100 5000e0 1
500100 5000e0 1
500100 5000e0 0
500000 4fffc0 1
500000 4fffc0 1
500000 4fffc0 1
500000 4fffc0 1
500000 4fffc0 0
500100 5000e0 1
500100 5000e0 1
500100 5000e0 0
500100 5000e0 1
500100 5000e0 1
500100 5000e0 0
500100 5000e0 1
500100 5000e0 1
500100 5000e0 0
500000 4fffc0 1
500000 4fffc0 1
500000 4fffc0 1
500000 4fffc0 1
500000 4fffc0 0
500100 5000e0 1
500100 5000e0 1
500100 5000e0 0
500100 5000e0 1
500100 5000e0 1
500100 5000e0 0
500100 5000e0 1
500100 5000e0 1
500100 5000e0 0
500000 4fffc0 1
500000 4fffc0 1
500000 4fffc0 1
500000 4fffc0 1
500000 4fffc0 0
500100 5000e0 1
500100 5000e0 1
500100 5000e0 0
500100 5000e0 1
500100 5000e0 1
500100 5000e0 0
500100 5000e0 1
500100 5000e0 1
500100 5000e0 0
